Performance analysis with gprof:
Running for N = 10000
Flat profile:

Each sample counts as 0.01 seconds.
  %   cumulative   self              self     total           
 time   seconds   seconds    calls  ms/call  ms/call  name    
 51.55      0.37     0.37        1   371.13   371.13  init_datastructures(double*, double*, double*, int)
 48.76      0.72     0.35        1   351.07   351.07  function_a(double const*, double const*, int)
  0.00      0.72     0.00        2     0.00     0.00  std::operator&(std::_Ios_Fmtflags, std::_Ios_Fmtflags)
  0.00      0.72     0.00        1     0.00     0.00  _GLOBAL__sub_I__Z10function_aPKdS0_i
  0.00      0.72     0.00        1     0.00     0.00  function_b(double, double const*, double const*, int)
  0.00      0.72     0.00        1     0.00     0.00  function_c(double, double const*, double const*, int)
  0.00      0.72     0.00        1     0.00     0.00  function_d(double const*, double const*, int)
  0.00      0.72     0.00        1     0.00     0.00  print_results_to_file(double, double const*, double const*, double const*, double const*, long long, std::basic_ofstream<char, std::char_traits<char> >&)
  0.00      0.72     0.00        1     0.00     0.00  __static_initialization_and_destruction_0(int, int)
  0.00      0.72     0.00        1     0.00     0.00  int __gnu_cxx::__stoa<long, int, char, int>(long (*)(char const*, char**, int), char const*, char const*, unsigned long*, int)
  0.00      0.72     0.00        1     0.00     0.00  std::__cxx11::stoi(std::__cxx11::basic_string<char, std::char_traits<char>, std::allocator<char> > const&, unsigned long*, int)
  0.00      0.72     0.00        1     0.00     0.00  std::ios_base::setf(std::_Ios_Fmtflags, std::_Ios_Fmtflags)
  0.00      0.72     0.00        1     0.00     0.00  std::setprecision(int)
  0.00      0.72     0.00        1     0.00     0.00  long long const& std::min<long long>(long long const&, long long const&)
  0.00      0.72     0.00        1     0.00     0.00  std::operator&=(std::_Ios_Fmtflags&, std::_Ios_Fmtflags)
  0.00      0.72     0.00        1     0.00     0.00  std::operator~(std::_Ios_Fmtflags)
  0.00      0.72     0.00        1     0.00     0.00  std::operator|=(std::_Ios_Fmtflags&, std::_Ios_Fmtflags)
  0.00      0.72     0.00        1     0.00     0.00  std::operator|(std::_Ios_Fmtflags, std::_Ios_Fmtflags)
  0.00      0.72     0.00        1     0.00     0.00  __gnu_cxx::__stoa<long, int, char, int>(long (*)(char const*, char**, int), char const*, char const*, unsigned long*, int)::_Range_chk::_S_chk(long, std::integral_constant<bool, true>)
  0.00      0.72     0.00        1     0.00     0.00  __gnu_cxx::__stoa<long, int, char, int>(long (*)(char const*, char**, int), char const*, char const*, unsigned long*, int)::_Save_errno::_Save_errno()
  0.00      0.72     0.00        1     0.00     0.00  __gnu_cxx::__stoa<long, int, char, int>(long (*)(char const*, char**, int), char const*, char const*, unsigned long*, int)::_Save_errno::~_Save_errno()
Running for N = 20000
Flat profile:

Each sample counts as 0.01 seconds.
  %   cumulative   self              self     total           
 time   seconds   seconds    calls   s/call   s/call  name    
 50.33      1.40     1.40        1     1.40     1.40  init_datastructures(double*, double*, double*, int)
 49.97      2.80     1.39        1     1.39     1.39  function_a(double const*, double const*, int)
  0.00      2.80     0.00        2     0.00     0.00  std::operator&(std::_Ios_Fmtflags, std::_Ios_Fmtflags)
  0.00      2.80     0.00        1     0.00     0.00  _GLOBAL__sub_I__Z10function_aPKdS0_i
  0.00      2.80     0.00        1     0.00     0.00  function_b(double, double const*, double const*, int)
  0.00      2.80     0.00        1     0.00     0.00  function_c(double, double const*, double const*, int)
  0.00      2.80     0.00        1     0.00     0.00  function_d(double const*, double const*, int)
  0.00      2.80     0.00        1     0.00     0.00  print_results_to_file(double, double const*, double const*, double const*, double const*, long long, std::basic_ofstream<char, std::char_traits<char> >&)
  0.00      2.80     0.00        1     0.00     0.00  __static_initialization_and_destruction_0(int, int)
  0.00      2.80     0.00        1     0.00     0.00  int __gnu_cxx::__stoa<long, int, char, int>(long (*)(char const*, char**, int), char const*, char const*, unsigned long*, int)
  0.00      2.80     0.00        1     0.00     0.00  std::__cxx11::stoi(std::__cxx11::basic_string<char, std::char_traits<char>, std::allocator<char> > const&, unsigned long*, int)
  0.00      2.80     0.00        1     0.00     0.00  std::ios_base::setf(std::_Ios_Fmtflags, std::_Ios_Fmtflags)
  0.00      2.80     0.00        1     0.00     0.00  std::setprecision(int)
  0.00      2.80     0.00        1     0.00     0.00  long long const& std::min<long long>(long long const&, long long const&)
  0.00      2.80     0.00        1     0.00     0.00  std::operator&=(std::_Ios_Fmtflags&, std::_Ios_Fmtflags)
  0.00      2.80     0.00        1     0.00     0.00  std::operator~(std::_Ios_Fmtflags)
  0.00      2.80     0.00        1     0.00     0.00  std::operator|=(std::_Ios_Fmtflags&, std::_Ios_Fmtflags)
  0.00      2.80     0.00        1     0.00     0.00  std::operator|(std::_Ios_Fmtflags, std::_Ios_Fmtflags)
  0.00      2.80     0.00        1     0.00     0.00  __gnu_cxx::__stoa<long, int, char, int>(long (*)(char const*, char**, int), char const*, char const*, unsigned long*, int)::_Range_chk::_S_chk(long, std::integral_constant<bool, true>)
  0.00      2.80     0.00        1     0.00     0.00  __gnu_cxx::__stoa<long, int, char, int>(long (*)(char const*, char**, int), char const*, char const*, unsigned long*, int)::_Save_errno::_Save_errno()
  0.00      2.80     0.00        1     0.00     0.00  __gnu_cxx::__stoa<long, int, char, int>(long (*)(char const*, char**, int), char const*, char const*, unsigned long*, int)::_Save_errno::~_Save_errno()
Running for N = 30000
Flat profile:

Each sample counts as 0.01 seconds.
  %   cumulative   self              self     total           
 time   seconds   seconds    calls   s/call   s/call  name    
 53.25      3.10     3.10        1     3.10     3.10  function_a(double const*, double const*, int)
 47.05      5.84     2.74        1     2.74     2.74  init_datastructures(double*, double*, double*, int)
  0.00      5.84     0.00        2     0.00     0.00  std::operator&(std::_Ios_Fmtflags, std::_Ios_Fmtflags)
  0.00      5.84     0.00        1     0.00     0.00  _GLOBAL__sub_I__Z10function_aPKdS0_i
  0.00      5.84     0.00        1     0.00     0.00  function_b(double, double const*, double const*, int)
  0.00      5.84     0.00        1     0.00     0.00  function_c(double, double const*, double const*, int)
  0.00      5.84     0.00        1     0.00     0.00  function_d(double const*, double const*, int)
  0.00      5.84     0.00        1     0.00     0.00  print_results_to_file(double, double const*, double const*, double const*, double const*, long long, std::basic_ofstream<char, std::char_traits<char> >&)
  0.00      5.84     0.00        1     0.00     0.00  __static_initialization_and_destruction_0(int, int)
  0.00      5.84     0.00        1     0.00     0.00  int __gnu_cxx::__stoa<long, int, char, int>(long (*)(char const*, char**, int), char const*, char const*, unsigned long*, int)
  0.00      5.84     0.00        1     0.00     0.00  std::__cxx11::stoi(std::__cxx11::basic_string<char, std::char_traits<char>, std::allocator<char> > const&, unsigned long*, int)
  0.00      5.84     0.00        1     0.00     0.00  std::ios_base::setf(std::_Ios_Fmtflags, std::_Ios_Fmtflags)
  0.00      5.84     0.00        1     0.00     0.00  std::setprecision(int)
  0.00      5.84     0.00        1     0.00     0.00  long long const& std::min<long long>(long long const&, long long const&)
  0.00      5.84     0.00        1     0.00     0.00  std::operator&=(std::_Ios_Fmtflags&, std::_Ios_Fmtflags)
  0.00      5.84     0.00        1     0.00     0.00  std::operator~(std::_Ios_Fmtflags)
  0.00      5.84     0.00        1     0.00     0.00  std::operator|=(std::_Ios_Fmtflags&, std::_Ios_Fmtflags)
  0.00      5.84     0.00        1     0.00     0.00  std::operator|(std::_Ios_Fmtflags, std::_Ios_Fmtflags)
  0.00      5.84     0.00        1     0.00     0.00  __gnu_cxx::__stoa<long, int, char, int>(long (*)(char const*, char**, int), char const*, char const*, unsigned long*, int)::_Range_chk::_S_chk(long, std::integral_constant<bool, true>)
  0.00      5.84     0.00        1     0.00     0.00  __gnu_cxx::__stoa<long, int, char, int>(long (*)(char const*, char**, int), char const*, char const*, unsigned long*, int)::_Save_errno::_Save_errno()
  0.00      5.84     0.00        1     0.00     0.00  __gnu_cxx::__stoa<long, int, char, int>(long (*)(char const*, char**, int), char const*, char const*, unsigned long*, int)::_Save_errno::~_Save_errno()
Running for N = 40000
Flat profile:

Each sample counts as 0.01 seconds.
  %   cumulative   self              self     total           
 time   seconds   seconds    calls   s/call   s/call  name    
 54.37      6.59     6.59        1     6.59     6.59  init_datastructures(double*, double*, double*, int)
 45.93     12.16     5.57        1     5.57     5.57  function_a(double const*, double const*, int)
  0.00     12.16     0.00        2     0.00     0.00  std::operator&(std::_Ios_Fmtflags, std::_Ios_Fmtflags)
  0.00     12.16     0.00        1     0.00     0.00  _GLOBAL__sub_I__Z10function_aPKdS0_i
  0.00     12.16     0.00        1     0.00     0.00  function_b(double, double const*, double const*, int)
  0.00     12.16     0.00        1     0.00     0.00  function_c(double, double const*, double const*, int)
  0.00     12.16     0.00        1     0.00     0.00  function_d(double const*, double const*, int)
  0.00     12.16     0.00        1     0.00     0.00  print_results_to_file(double, double const*, double const*, double const*, double const*, long long, std::basic_ofstream<char, std::char_traits<char> >&)
  0.00     12.16     0.00        1     0.00     0.00  __static_initialization_and_destruction_0(int, int)
  0.00     12.16     0.00        1     0.00     0.00  int __gnu_cxx::__stoa<long, int, char, int>(long (*)(char const*, char**, int), char const*, char const*, unsigned long*, int)
  0.00     12.16     0.00        1     0.00     0.00  std::__cxx11::stoi(std::__cxx11::basic_string<char, std::char_traits<char>, std::allocator<char> > const&, unsigned long*, int)
  0.00     12.16     0.00        1     0.00     0.00  std::ios_base::setf(std::_Ios_Fmtflags, std::_Ios_Fmtflags)
  0.00     12.16     0.00        1     0.00     0.00  std::setprecision(int)
  0.00     12.16     0.00        1     0.00     0.00  long long const& std::min<long long>(long long const&, long long const&)
  0.00     12.16     0.00        1     0.00     0.00  std::operator&=(std::_Ios_Fmtflags&, std::_Ios_Fmtflags)
  0.00     12.16     0.00        1     0.00     0.00  std::operator~(std::_Ios_Fmtflags)
  0.00     12.16     0.00        1     0.00     0.00  std::operator|=(std::_Ios_Fmtflags&, std::_Ios_Fmtflags)
  0.00     12.16     0.00        1     0.00     0.00  std::operator|(std::_Ios_Fmtflags, std::_Ios_Fmtflags)
  0.00     12.16     0.00        1     0.00     0.00  __gnu_cxx::__stoa<long, int, char, int>(long (*)(char const*, char**, int), char const*, char const*, unsigned long*, int)::_Range_chk::_S_chk(long, std::integral_constant<bool, true>)
  0.00     12.16     0.00        1     0.00     0.00  __gnu_cxx::__stoa<long, int, char, int>(long (*)(char const*, char**, int), char const*, char const*, unsigned long*, int)::_Save_errno::_Save_errno()
  0.00     12.16     0.00        1     0.00     0.00  __gnu_cxx::__stoa<long, int, char, int>(long (*)(char const*, char**, int), char const*, char const*, unsigned long*, int)::_Save_errno::~_Save_errno()
Running for N = 50000
Flat profile:

Each sample counts as 0.01 seconds.
  %   cumulative   self              self     total           
 time   seconds   seconds    calls   s/call   s/call  name    
 54.61     10.38    10.38        1    10.38    10.38  init_datastructures(double*, double*, double*, int)
 45.69     19.07     8.69        1     8.69     8.69  function_a(double const*, double const*, int)
  0.00     19.07     0.00        2     0.00     0.00  std::operator&(std::_Ios_Fmtflags, std::_Ios_Fmtflags)
  0.00     19.07     0.00        1     0.00     0.00  _GLOBAL__sub_I__Z10function_aPKdS0_i
  0.00     19.07     0.00        1     0.00     0.00  function_b(double, double const*, double const*, int)
  0.00     19.07     0.00        1     0.00     0.00  function_c(double, double const*, double const*, int)
  0.00     19.07     0.00        1     0.00     0.00  function_d(double const*, double const*, int)
  0.00     19.07     0.00        1     0.00     0.00  print_results_to_file(double, double const*, double const*, double const*, double const*, long long, std::basic_ofstream<char, std::char_traits<char> >&)
  0.00     19.07     0.00        1     0.00     0.00  __static_initialization_and_destruction_0(int, int)
  0.00     19.07     0.00        1     0.00     0.00  int __gnu_cxx::__stoa<long, int, char, int>(long (*)(char const*, char**, int), char const*, char const*, unsigned long*, int)
  0.00     19.07     0.00        1     0.00     0.00  std::__cxx11::stoi(std::__cxx11::basic_string<char, std::char_traits<char>, std::allocator<char> > const&, unsigned long*, int)
  0.00     19.07     0.00        1     0.00     0.00  std::ios_base::setf(std::_Ios_Fmtflags, std::_Ios_Fmtflags)
  0.00     19.07     0.00        1     0.00     0.00  std::setprecision(int)
  0.00     19.07     0.00        1     0.00     0.00  long long const& std::min<long long>(long long const&, long long const&)
  0.00     19.07     0.00        1     0.00     0.00  std::operator&=(std::_Ios_Fmtflags&, std::_Ios_Fmtflags)
  0.00     19.07     0.00        1     0.00     0.00  std::operator~(std::_Ios_Fmtflags)
  0.00     19.07     0.00        1     0.00     0.00  std::operator|=(std::_Ios_Fmtflags&, std::_Ios_Fmtflags)
  0.00     19.07     0.00        1     0.00     0.00  std::operator|(std::_Ios_Fmtflags, std::_Ios_Fmtflags)
  0.00     19.07     0.00        1     0.00     0.00  __gnu_cxx::__stoa<long, int, char, int>(long (*)(char const*, char**, int), char const*, char const*, unsigned long*, int)::_Range_chk::_S_chk(long, std::integral_constant<bool, true>)
  0.00     19.07     0.00        1     0.00     0.00  __gnu_cxx::__stoa<long, int, char, int>(long (*)(char const*, char**, int), char const*, char const*, unsigned long*, int)::_Save_errno::_Save_errno()
  0.00     19.07     0.00        1     0.00     0.00  __gnu_cxx::__stoa<long, int, char, int>(long (*)(char const*, char**, int), char const*, char const*, unsigned long*, int)::_Save_errno::~_Save_errno()
Running for N = 60000
Flat profile:

Each sample counts as 0.01 seconds.
  %   cumulative   self              self     total           
 time   seconds   seconds    calls   s/call   s/call  name    
 53.82     14.55    14.55        1    14.55    14.55  init_datastructures(double*, double*, double*, int)
 46.48     27.12    12.57        1    12.57    12.57  function_a(double const*, double const*, int)
  0.00     27.12     0.00        2     0.00     0.00  std::operator&(std::_Ios_Fmtflags, std::_Ios_Fmtflags)
  0.00     27.12     0.00        1     0.00     0.00  _GLOBAL__sub_I__Z10function_aPKdS0_i
  0.00     27.12     0.00        1     0.00     0.00  function_b(double, double const*, double const*, int)
  0.00     27.12     0.00        1     0.00     0.00  function_c(double, double const*, double const*, int)
  0.00     27.12     0.00        1     0.00     0.00  function_d(double const*, double const*, int)
  0.00     27.12     0.00        1     0.00     0.00  print_results_to_file(double, double const*, double const*, double const*, double const*, long long, std::basic_ofstream<char, std::char_traits<char> >&)
  0.00     27.12     0.00        1     0.00     0.00  __static_initialization_and_destruction_0(int, int)
  0.00     27.12     0.00        1     0.00     0.00  int __gnu_cxx::__stoa<long, int, char, int>(long (*)(char const*, char**, int), char const*, char const*, unsigned long*, int)
  0.00     27.12     0.00        1     0.00     0.00  std::__cxx11::stoi(std::__cxx11::basic_string<char, std::char_traits<char>, std::allocator<char> > const&, unsigned long*, int)
  0.00     27.12     0.00        1     0.00     0.00  std::ios_base::setf(std::_Ios_Fmtflags, std::_Ios_Fmtflags)
  0.00     27.12     0.00        1     0.00     0.00  std::setprecision(int)
  0.00     27.12     0.00        1     0.00     0.00  long long const& std::min<long long>(long long const&, long long const&)
  0.00     27.12     0.00        1     0.00     0.00  std::operator&=(std::_Ios_Fmtflags&, std::_Ios_Fmtflags)
  0.00     27.12     0.00        1     0.00     0.00  std::operator~(std::_Ios_Fmtflags)
  0.00     27.12     0.00        1     0.00     0.00  std::operator|=(std::_Ios_Fmtflags&, std::_Ios_Fmtflags)
  0.00     27.12     0.00        1     0.00     0.00  std::operator|(std::_Ios_Fmtflags, std::_Ios_Fmtflags)
  0.00     27.12     0.00        1     0.00     0.00  __gnu_cxx::__stoa<long, int, char, int>(long (*)(char const*, char**, int), char const*, char const*, unsigned long*, int)::_Range_chk::_S_chk(long, std::integral_constant<bool, true>)
  0.00     27.12     0.00        1     0.00     0.00  __gnu_cxx::__stoa<long, int, char, int>(long (*)(char const*, char**, int), char const*, char const*, unsigned long*, int)::_Save_errno::_Save_errno()
  0.00     27.12     0.00        1     0.00     0.00  __gnu_cxx::__stoa<long, int, char, int>(long (*)(char const*, char**, int), char const*, char const*, unsigned long*, int)::_Save_errno::~_Save_errno()
Running for N = 70000
Flat profile:

Each sample counts as 0.01 seconds.
  %   cumulative   self              self     total           
 time   seconds   seconds    calls   s/call   s/call  name    
 90.22     17.14    17.14        1    17.14    17.14  function_a(double const*, double const*, int)
 10.08     19.06     1.92        1     1.92     1.92  init_datastructures(double*, double*, double*, int)
  0.00     19.06     0.00        2     0.00     0.00  std::operator&(std::_Ios_Fmtflags, std::_Ios_Fmtflags)
  0.00     19.06     0.00        1     0.00     0.00  _GLOBAL__sub_I__Z10function_aPKdS0_i
  0.00     19.06     0.00        1     0.00     0.00  function_b(double, double const*, double const*, int)
  0.00     19.06     0.00        1     0.00     0.00  function_c(double, double const*, double const*, int)
  0.00     19.06     0.00        1     0.00     0.00  function_d(double const*, double const*, int)
  0.00     19.06     0.00        1     0.00     0.00  print_results_to_file(double, double const*, double const*, double const*, double const*, long long, std::basic_ofstream<char, std::char_traits<char> >&)
  0.00     19.06     0.00        1     0.00     0.00  __static_initialization_and_destruction_0(int, int)
  0.00     19.06     0.00        1     0.00     0.00  int __gnu_cxx::__stoa<long, int, char, int>(long (*)(char const*, char**, int), char const*, char const*, unsigned long*, int)
  0.00     19.06     0.00        1     0.00     0.00  std::__cxx11::stoi(std::__cxx11::basic_string<char, std::char_traits<char>, std::allocator<char> > const&, unsigned long*, int)
  0.00     19.06     0.00        1     0.00     0.00  std::ios_base::setf(std::_Ios_Fmtflags, std::_Ios_Fmtflags)
  0.00     19.06     0.00        1     0.00     0.00  std::setprecision(int)
  0.00     19.06     0.00        1     0.00     0.00  long long const& std::min<long long>(long long const&, long long const&)
  0.00     19.06     0.00        1     0.00     0.00  std::operator&=(std::_Ios_Fmtflags&, std::_Ios_Fmtflags)
  0.00     19.06     0.00        1     0.00     0.00  std::operator~(std::_Ios_Fmtflags)
  0.00     19.06     0.00        1     0.00     0.00  std::operator|=(std::_Ios_Fmtflags&, std::_Ios_Fmtflags)
  0.00     19.06     0.00        1     0.00     0.00  std::operator|(std::_Ios_Fmtflags, std::_Ios_Fmtflags)
  0.00     19.06     0.00        1     0.00     0.00  __gnu_cxx::__stoa<long, int, char, int>(long (*)(char const*, char**, int), char const*, char const*, unsigned long*, int)::_Range_chk::_S_chk(long, std::integral_constant<bool, true>)
  0.00     19.06     0.00        1     0.00     0.00  __gnu_cxx::__stoa<long, int, char, int>(long (*)(char const*, char**, int), char const*, char const*, unsigned long*, int)::_Save_errno::_Save_errno()
  0.00     19.06     0.00        1     0.00     0.00  __gnu_cxx::__stoa<long, int, char, int>(long (*)(char const*, char**, int), char const*, char const*, unsigned long*, int)::_Save_errno::~_Save_errno()
Running for N = 80000
Flat profile:

Each sample counts as 0.01 seconds.
  %   cumulative   self              self     total           
 time   seconds   seconds    calls   s/call   s/call  name    
 71.65     22.02    22.02        1    22.02    22.02  function_a(double const*, double const*, int)
 28.66     30.82     8.81        1     8.81     8.81  init_datastructures(double*, double*, double*, int)
  0.00     30.82     0.00        2     0.00     0.00  std::operator&(std::_Ios_Fmtflags, std::_Ios_Fmtflags)
  0.00     30.82     0.00        1     0.00     0.00  _GLOBAL__sub_I__Z10function_aPKdS0_i
  0.00     30.82     0.00        1     0.00     0.00  function_b(double, double const*, double const*, int)
  0.00     30.82     0.00        1     0.00     0.00  function_c(double, double const*, double const*, int)
  0.00     30.82     0.00        1     0.00     0.00  function_d(double const*, double const*, int)
  0.00     30.82     0.00        1     0.00     0.00  print_results_to_file(double, double const*, double const*, double const*, double const*, long long, std::basic_ofstream<char, std::char_traits<char> >&)
  0.00     30.82     0.00        1     0.00     0.00  __static_initialization_and_destruction_0(int, int)
  0.00     30.82     0.00        1     0.00     0.00  int __gnu_cxx::__stoa<long, int, char, int>(long (*)(char const*, char**, int), char const*, char const*, unsigned long*, int)
  0.00     30.82     0.00        1     0.00     0.00  std::__cxx11::stoi(std::__cxx11::basic_string<char, std::char_traits<char>, std::allocator<char> > const&, unsigned long*, int)
  0.00     30.82     0.00        1     0.00     0.00  std::ios_base::setf(std::_Ios_Fmtflags, std::_Ios_Fmtflags)
  0.00     30.82     0.00        1     0.00     0.00  std::setprecision(int)
  0.00     30.82     0.00        1     0.00     0.00  long long const& std::min<long long>(long long const&, long long const&)
  0.00     30.82     0.00        1     0.00     0.00  std::operator&=(std::_Ios_Fmtflags&, std::_Ios_Fmtflags)
  0.00     30.82     0.00        1     0.00     0.00  std::operator~(std::_Ios_Fmtflags)
  0.00     30.82     0.00        1     0.00     0.00  std::operator|=(std::_Ios_Fmtflags&, std::_Ios_Fmtflags)
  0.00     30.82     0.00        1     0.00     0.00  std::operator|(std::_Ios_Fmtflags, std::_Ios_Fmtflags)
  0.00     30.82     0.00        1     0.00     0.00  __gnu_cxx::__stoa<long, int, char, int>(long (*)(char const*, char**, int), char const*, char const*, unsigned long*, int)::_Range_chk::_S_chk(long, std::integral_constant<bool, true>)
  0.00     30.82     0.00        1     0.00     0.00  __gnu_cxx::__stoa<long, int, char, int>(long (*)(char const*, char**, int), char const*, char const*, unsigned long*, int)::_Save_errno::_Save_errno()
  0.00     30.82     0.00        1     0.00     0.00  __gnu_cxx::__stoa<long, int, char, int>(long (*)(char const*, char**, int), char const*, char const*, unsigned long*, int)::_Save_errno::~_Save_errno()
Running for N = 90000
Flat profile:

Each sample counts as 0.01 seconds.
  %   cumulative   self              self     total           
 time   seconds   seconds    calls   s/call   s/call  name    
 65.30     28.28    28.28        1    28.28    28.28  function_a(double const*, double const*, int)
 35.00     43.43    15.16        1    15.16    15.16  init_datastructures(double*, double*, double*, int)
  0.00     43.43     0.00        2     0.00     0.00  std::operator&(std::_Ios_Fmtflags, std::_Ios_Fmtflags)
  0.00     43.43     0.00        1     0.00     0.00  _GLOBAL__sub_I__Z10function_aPKdS0_i
  0.00     43.43     0.00        1     0.00     0.00  function_b(double, double const*, double const*, int)
  0.00     43.43     0.00        1     0.00     0.00  function_c(double, double const*, double const*, int)
  0.00     43.43     0.00        1     0.00     0.00  function_d(double const*, double const*, int)
  0.00     43.43     0.00        1     0.00     0.00  print_results_to_file(double, double const*, double const*, double const*, double const*, long long, std::basic_ofstream<char, std::char_traits<char> >&)
  0.00     43.43     0.00        1     0.00     0.00  __static_initialization_and_destruction_0(int, int)
  0.00     43.43     0.00        1     0.00     0.00  int __gnu_cxx::__stoa<long, int, char, int>(long (*)(char const*, char**, int), char const*, char const*, unsigned long*, int)
  0.00     43.43     0.00        1     0.00     0.00  std::__cxx11::stoi(std::__cxx11::basic_string<char, std::char_traits<char>, std::allocator<char> > const&, unsigned long*, int)
  0.00     43.43     0.00        1     0.00     0.00  std::ios_base::setf(std::_Ios_Fmtflags, std::_Ios_Fmtflags)
  0.00     43.43     0.00        1     0.00     0.00  std::setprecision(int)
  0.00     43.43     0.00        1     0.00     0.00  long long const& std::min<long long>(long long const&, long long const&)
  0.00     43.43     0.00        1     0.00     0.00  std::operator&=(std::_Ios_Fmtflags&, std::_Ios_Fmtflags)
  0.00     43.43     0.00        1     0.00     0.00  std::operator~(std::_Ios_Fmtflags)
  0.00     43.43     0.00        1     0.00     0.00  std::operator|=(std::_Ios_Fmtflags&, std::_Ios_Fmtflags)
  0.00     43.43     0.00        1     0.00     0.00  std::operator|(std::_Ios_Fmtflags, std::_Ios_Fmtflags)
  0.00     43.43     0.00        1     0.00     0.00  __gnu_cxx::__stoa<long, int, char, int>(long (*)(char const*, char**, int), char const*, char const*, unsigned long*, int)::_Range_chk::_S_chk(long, std::integral_constant<bool, true>)
  0.00     43.43     0.00        1     0.00     0.00  __gnu_cxx::__stoa<long, int, char, int>(long (*)(char const*, char**, int), char const*, char const*, unsigned long*, int)::_Save_errno::_Save_errno()
  0.00     43.43     0.00        1     0.00     0.00  __gnu_cxx::__stoa<long, int, char, int>(long (*)(char const*, char**, int), char const*, char const*, unsigned long*, int)::_Save_errno::~_Save_errno()
Running for N = 100000
Flat profile:

Each sample counts as 0.01 seconds.
  %   cumulative   self              self     total           
 time   seconds   seconds    calls   s/call   s/call  name    
 89.53     34.40    34.40        1    34.40    34.40  function_a(double const*, double const*, int)
 10.75     38.54     4.13        1     4.13     4.13  init_datastructures(double*, double*, double*, int)
  0.03     38.55     0.01        1     0.01     0.01  function_b(double, double const*, double const*, int)
  0.00     38.55     0.00        2     0.00     0.00  std::operator&(std::_Ios_Fmtflags, std::_Ios_Fmtflags)
  0.00     38.55     0.00        1     0.00     0.00  _GLOBAL__sub_I__Z10function_aPKdS0_i
  0.00     38.55     0.00        1     0.00     0.00  function_c(double, double const*, double const*, int)
  0.00     38.55     0.00        1     0.00     0.00  function_d(double const*, double const*, int)
  0.00     38.55     0.00        1     0.00     0.00  print_results_to_file(double, double const*, double const*, double const*, double const*, long long, std::basic_ofstream<char, std::char_traits<char> >&)
  0.00     38.55     0.00        1     0.00     0.00  __static_initialization_and_destruction_0(int, int)
  0.00     38.55     0.00        1     0.00     0.00  int __gnu_cxx::__stoa<long, int, char, int>(long (*)(char const*, char**, int), char const*, char const*, unsigned long*, int)
  0.00     38.55     0.00        1     0.00     0.00  std::__cxx11::stoi(std::__cxx11::basic_string<char, std::char_traits<char>, std::allocator<char> > const&, unsigned long*, int)
  0.00     38.55     0.00        1     0.00     0.00  std::ios_base::setf(std::_Ios_Fmtflags, std::_Ios_Fmtflags)
  0.00     38.55     0.00        1     0.00     0.00  std::setprecision(int)
  0.00     38.55     0.00        1     0.00     0.00  long long const& std::min<long long>(long long const&, long long const&)
  0.00     38.55     0.00        1     0.00     0.00  std::operator&=(std::_Ios_Fmtflags&, std::_Ios_Fmtflags)
  0.00     38.55     0.00        1     0.00     0.00  std::operator~(std::_Ios_Fmtflags)
  0.00     38.55     0.00        1     0.00     0.00  std::operator|=(std::_Ios_Fmtflags&, std::_Ios_Fmtflags)
  0.00     38.55     0.00        1     0.00     0.00  std::operator|(std::_Ios_Fmtflags, std::_Ios_Fmtflags)
  0.00     38.55     0.00        1     0.00     0.00  __gnu_cxx::__stoa<long, int, char, int>(long (*)(char const*, char**, int), char const*, char const*, unsigned long*, int)::_Range_chk::_S_chk(long, std::integral_constant<bool, true>)
  0.00     38.55     0.00        1     0.00     0.00  __gnu_cxx::__stoa<long, int, char, int>(long (*)(char const*, char**, int), char const*, char const*, unsigned long*, int)::_Save_errno::_Save_errno()
  0.00     38.55     0.00        1     0.00     0.00  __gnu_cxx::__stoa<long, int, char, int>(long (*)(char const*, char**, int), char const*, char const*, unsigned long*, int)::_Save_errno::~_Save_errno()
