--------------------------------------------------------------------------------
CPU name:	AMD EPYC 7702 64-Core Processor                
CPU type:	AMD K17 (Zen2) architecture
CPU clock:	2.00 GHz
--------------------------------------------------------------------------------
For correctness checking, partial results have been written to partial_results.out
--------------------------------------------------------------------------------
Region function_a, Group 1: CACHE
+-------------------+------------+
|    Region Info    | HWThread 0 |
+-------------------+------------+
| RDTSC Runtime [s] |   0.344573 |
|     call count    |          1 |
+-------------------+------------+

+------------------------+---------+------------+
|          Event         | Counter | HWThread 0 |
+------------------------+---------+------------+
|    ACTUAL_CPU_CLOCK    |  FIXC1  | 1144516000 |
|      MAX_CPU_CLOCK     |  FIXC2  |  688069700 |
|  RETIRED_INSTRUCTIONS  |   PMC0  | 3200208000 |
|   CPU_CLOCKS_UNHALTED  |   PMC1  | 1139759000 |
|   DATA_CACHE_ACCESSES  |   PMC2  | 1702352000 |
| DATA_CACHE_REFILLS_ALL |   PMC3  |       9308 |
+------------------------+---------+------------+

+-------------------------+--------------+
|          Metric         |  HWThread 0  |
+-------------------------+--------------+
|   Runtime (RDTSC) [s]   |       0.3446 |
|   Runtime unhalted [s]  |       0.5733 |
|       Clock [MHz]       |    3320.4667 |
|           CPI           |       0.3562 |
|   data cache requests   |   1702352000 |
| data cache request rate |       0.5320 |
|    data cache misses    |         9308 |
|   data cache miss rate  | 2.908561e-06 |
|  data cache miss ratio  | 5.467729e-06 |
+-------------------------+--------------+

